{"total": {"lines":{"total":76,"covered":36,"skipped":0,"pct":47.36},"statements":{"total":76,"covered":36,"skipped":0,"pct":47.36},"functions":{"total":24,"covered":6,"skipped":0,"pct":25},"branches":{"total":23,"covered":6,"skipped":0,"pct":26.08},"branchesTrue":{"total":0,"covered":0,"skipped":0,"pct":100}}
,"/Users/davidrochelet/Documents/isagri/testtoolsweb/backend/src/config/env.ts": {"lines":{"total":3,"covered":3,"skipped":0,"pct":100},"functions":{"total":0,"covered":0,"skipped":0,"pct":100},"statements":{"total":3,"covered":3,"skipped":0,"pct":100},"branches":{"total":4,"covered":4,"skipped":0,"pct":100}}
,"/Users/davidrochelet/Documents/isagri/testtoolsweb/backend/src/repositories/parcel.repository.ts": {"lines":{"total":25,"covered":2,"skipped":0,"pct":8},"functions":{"total":9,"covered":0,"skipped":0,"pct":0},"statements":{"total":25,"covered":2,"skipped":0,"pct":8},"branches":{"total":9,"covered":0,"skipped":0,"pct":0}}
,"/Users/davidrochelet/Documents/isagri/testtoolsweb/backend/src/repositories/planting.repository.ts": {"lines":{"total":9,"covered":2,"skipped":0,"pct":22.22},"functions":{"total":4,"covered":0,"skipped":0,"pct":0},"statements":{"total":9,"covered":2,"skipped":0,"pct":22.22},"branches":{"total":2,"covered":0,"skipped":0,"pct":0}}
,"/Users/davidrochelet/Documents/isagri/testtoolsweb/backend/src/services/errors.ts": {"lines":{"total":4,"covered":4,"skipped":0,"pct":100},"functions":{"total":1,"covered":1,"skipped":0,"pct":100},"statements":{"total":4,"covered":4,"skipped":0,"pct":100},"branches":{"total":1,"covered":0,"skipped":0,"pct":0}}
,"/Users/davidrochelet/Documents/isagri/testtoolsweb/backend/src/services/parcel.service.ts": {"lines":{"total":18,"covered":12,"skipped":0,"pct":66.66},"functions":{"total":6,"covered":3,"skipped":0,"pct":50},"statements":{"total":18,"covered":12,"skipped":0,"pct":66.66},"branches":{"total":3,"covered":1,"skipped":0,"pct":33.33}}
,"/Users/davidrochelet/Documents/isagri/testtoolsweb/backend/src/services/planting.service.ts": {"lines":{"total":17,"covered":13,"skipped":0,"pct":76.47},"functions":{"total":4,"covered":2,"skipped":0,"pct":50},"statements":{"total":17,"covered":13,"skipped":0,"pct":76.47},"branches":{"total":4,"covered":1,"skipped":0,"pct":25}}
}
