{"total": {"lines":{"total":188,"covered":19,"skipped":0,"pct":10.1},"statements":{"total":188,"covered":19,"skipped":0,"pct":10.1},"functions":{"total":14,"covered":4,"skipped":0,"pct":28.57},"branches":{"total":9,"covered":4,"skipped":0,"pct":44.44},"branchesTrue":{"total":0,"covered":0,"skipped":0,"pct":100}}
,"/Users/davidrochelet/Documents/isagri/testtoolsweb/frontend/src/main.ts": {"lines":{"total":10,"covered":0,"skipped":0,"pct":0},"functions":{"total":1,"covered":0,"skipped":0,"pct":0},"statements":{"total":10,"covered":0,"skipped":0,"pct":0},"branches":{"total":1,"covered":0,"skipped":0,"pct":0}}
,"/Users/davidrochelet/Documents/isagri/testtoolsweb/frontend/src/app/api.service.ts": {"lines":{"total":31,"covered":19,"skipped":0,"pct":61.29},"functions":{"total":8,"covered":3,"skipped":0,"pct":37.5},"statements":{"total":31,"covered":19,"skipped":0,"pct":61.29},"branches":{"total":3,"covered":3,"skipped":0,"pct":100}}
,"/Users/davidrochelet/Documents/isagri/testtoolsweb/frontend/src/app/app.component.ts": {"lines":{"total":8,"covered":0,"skipped":0,"pct":0},"functions":{"total":1,"covered":0,"skipped":0,"pct":0},"statements":{"total":8,"covered":0,"skipped":0,"pct":0},"branches":{"total":1,"covered":0,"skipped":0,"pct":0}}
,"/Users/davidrochelet/Documents/isagri/testtoolsweb/frontend/src/app/app.routes.ts": {"lines":{"total":6,"covered":0,"skipped":0,"pct":0},"functions":{"total":1,"covered":0,"skipped":0,"pct":0},"statements":{"total":6,"covered":0,"skipped":0,"pct":0},"branches":{"total":1,"covered":0,"skipped":0,"pct":0}}
,"/Users/davidrochelet/Documents/isagri/testtoolsweb/frontend/src/app/models.ts": {"lines":{"total":0,"covered":0,"skipped":0,"pct":100},"functions":{"total":1,"covered":1,"skipped":0,"pct":100},"statements":{"total":0,"covered":0,"skipped":0,"pct":100},"branches":{"total":1,"covered":1,"skipped":0,"pct":100}}
,"/Users/davidrochelet/Documents/isagri/testtoolsweb/frontend/src/app/parcel-detail.component.ts": {"lines":{"total":82,"covered":0,"skipped":0,"pct":0},"functions":{"total":1,"covered":0,"skipped":0,"pct":0},"statements":{"total":82,"covered":0,"skipped":0,"pct":0},"branches":{"total":1,"covered":0,"skipped":0,"pct":0}}
,"/Users/davidrochelet/Documents/isagri/testtoolsweb/frontend/src/app/parcel-list.component.ts": {"lines":{"total":51,"covered":0,"skipped":0,"pct":0},"functions":{"total":1,"covered":0,"skipped":0,"pct":0},"statements":{"total":51,"covered":0,"skipped":0,"pct":0},"branches":{"total":1,"covered":0,"skipped":0,"pct":0}}
}
