{"total": {"lines":{"total":188,"covered":148,"skipped":0,"pct":78.72},"statements":{"total":188,"covered":148,"skipped":0,"pct":78.72},"functions":{"total":26,"covered":16,"skipped":0,"pct":61.53},"branches":{"total":31,"covered":25,"skipped":0,"pct":80.64},"branchesTrue":{"total":0,"covered":0,"skipped":0,"pct":100}}
,"/Users/davidrochelet/Documents/isagri/testtoolsweb/frontend/src/main.ts": {"lines":{"total":10,"covered":0,"skipped":0,"pct":0},"functions":{"total":1,"covered":0,"skipped":0,"pct":0},"statements":{"total":10,"covered":0,"skipped":0,"pct":0},"branches":{"total":1,"covered":0,"skipped":0,"pct":0}}
,"/Users/davidrochelet/Documents/isagri/testtoolsweb/frontend/src/app/api.service.ts": {"lines":{"total":31,"covered":19,"skipped":0,"pct":61.29},"functions":{"total":8,"covered":3,"skipped":0,"pct":37.5},"statements":{"total":31,"covered":19,"skipped":0,"pct":61.29},"branches":{"total":3,"covered":3,"skipped":0,"pct":100}}
,"/Users/davidrochelet/Documents/isagri/testtoolsweb/frontend/src/app/app.component.ts": {"lines":{"total":8,"covered":8,"skipped":0,"pct":100},"functions":{"total":0,"covered":0,"skipped":0,"pct":100},"statements":{"total":8,"covered":8,"skipped":0,"pct":100},"branches":{"total":0,"covered":0,"skipped":0,"pct":100}}
,"/Users/davidrochelet/Documents/isagri/testtoolsweb/frontend/src/app/app.routes.ts": {"lines":{"total":6,"covered":0,"skipped":0,"pct":0},"functions":{"total":1,"covered":0,"skipped":0,"pct":0},"statements":{"total":6,"covered":0,"skipped":0,"pct":0},"branches":{"total":1,"covered":0,"skipped":0,"pct":0}}
,"/Users/davidrochelet/Documents/isagri/testtoolsweb/frontend/src/app/models.ts": {"lines":{"total":0,"covered":0,"skipped":0,"pct":100},"functions":{"total":1,"covered":1,"skipped":0,"pct":100},"statements":{"total":0,"covered":0,"skipped":0,"pct":100},"branches":{"total":1,"covered":1,"skipped":0,"pct":100}}
,"/Users/davidrochelet/Documents/isagri/testtoolsweb/frontend/src/app/parcel-detail.component.ts": {"lines":{"total":82,"covered":72,"skipped":0,"pct":87.8},"functions":{"total":8,"covered":6,"skipped":0,"pct":75},"statements":{"total":82,"covered":72,"skipped":0,"pct":87.8},"branches":{"total":13,"covered":9,"skipped":0,"pct":69.23}}
,"/Users/davidrochelet/Documents/isagri/testtoolsweb/frontend/src/app/parcel-list.component.ts": {"lines":{"total":51,"covered":49,"skipped":0,"pct":96.07},"functions":{"total":7,"covered":6,"skipped":0,"pct":85.71},"statements":{"total":51,"covered":49,"skipped":0,"pct":96.07},"branches":{"total":12,"covered":12,"skipped":0,"pct":100}}
}
